# JRE version: Java(TM) SE Runtime Environment (8.0_77-b03) (build 1.8.0_77-b03)
# Java VM: Java HotSpot(TM) 64-Bit Server VM (25.77-b03 mixed mode linux-amd64 compressed oops)
Heap:
 PSYoungGen      total 955392K, used 153446K [0x000000076ab00000, 0x00000007c0000000, 0x00000007c0000000)
  eden space 715776K, 0% used [0x000000076ab00000,0x000000076ab00000,0x0000000796600000)
  from space 239616K, 64% used [0x0000000796600000,0x000000079fbd98a8,0x00000007a5000000)
  to   space 298496K, 0% used [0x00000007adc80000,0x00000007adc80000,0x00000007c0000000)
 ParOldGen       total 460800K, used 460593K [0x00000006c0000000, 0x00000006dc200000, 0x000000076ab00000)
  object space 460800K, 99% used [0x00000006c0000000,0x00000006dc1cc7a8,0x00000006dc200000)
 Metaspace       used 6626K, capacity 7320K, committed 7680K, reserved 1056768K
  class space    used 616K, capacity 656K, committed 768K, reserved 1048576K
GC Heap History (10 events):
Event: 8.521 GC heap after
Heap after GC invocations=11 (full 1):
 PSYoungGen      total 714752K, used 84470K [0x000000076ab00000, 0x00000007b0580000, 0x00000007c0000000)
  eden space 630272K, 0% used [0x000000076ab00000,0x000000076ab00000,0x0000000791280000)
  from space 84480K, 99% used [0x000000079b100000,0x00000007a037db98,0x00000007a0380000)
  to   space 162304K, 0% used [0x0000000791280000,0x0000000791280000,0x000000079b100000)
 ParOldGen       total 261632K, used 261223K [0x00000006c0000000, 0x00000006cff80000, 0x000000076ab00000)
  object space 261632K, 99% used [0x00000006c0000000,0x00000006cff19cb8,0x00000006cff80000)
 Metaspace       used 6618K, capacity 7320K, committed 7680K, reserved 1056768K
  class space    used 616K, capacity 656K, committed 768K, reserved 1048576K
}
Event: 8.521 GC heap before
{Heap before GC invocations=12 (full 2):
 PSYoungGen      total 714752K, used 84470K [0x000000076ab00000, 0x00000007b0580000, 0x00000007c0000000)
  eden space 630272K, 0% used [0x000000076ab00000,0x000000076ab00000,0x0000000791280000)
  from space 84480K, 99% used [0x000000079b100000,0x00000007a037db98,0x00000007a0380000)
  to   space 162304K, 0% used [0x0000000791280000,0x0000000791280000,0x000000079b100000)
 ParOldGen       total 261632K, used 261223K [0x00000006c0000000, 0x00000006cff80000, 0x000000076ab00000)
  object space 261632K, 99% used [0x00000006c0000000,0x00000006cff19cb8,0x00000006cff80000)
 Metaspace       used 6618K, capacity 7320K, committed 7680K, reserved 1056768K
  class space    used 616K, capacity 656K, committed 768K, reserved 1048576K
Event: 9.729 GC heap after
Heap after GC invocations=12 (full 2):
 PSYoungGen      total 714752K, used 72928K [0x000000076ab00000, 0x00000007b0580000, 0x00000007c0000000)
  eden space 630272K, 0% used [0x000000076ab00000,0x000000076ab00000,0x0000000791280000)
  from space 84480K, 86% used [0x000000079b100000,0x000000079f838320,0x00000007a0380000)
  to   space 162304K, 0% used [0x0000000791280000,0x0000000791280000,0x000000079b100000)
 ParOldGen       total 460800K, used 261399K [0x00000006c0000000, 0x00000006dc200000, 0x000000076ab00000)
  object space 460800K, 56% used [0x00000006c0000000,0x00000006cff45f40,0x00000006dc200000)
 Metaspace       used 6618K, capacity 7320K, committed 7680K, reserved 1056768K
  class space    used 616K, capacity 656K, committed 768K, reserved 1048576K
}
Event: 11.228 GC heap before
{Heap before GC invocations=13 (full 2):
 PSYoungGen      total 714752K, used 703200K [0x000000076ab00000, 0x00000007b0580000, 0x00000007c0000000)
  eden space 630272K, 100% used [0x000000076ab00000,0x0000000791280000,0x0000000791280000)
  from space 84480K, 86% used [0x000000079b100000,0x000000079f838320,0x00000007a0380000)
  to   space 162304K, 0% used [0x0000000791280000,0x0000000791280000,0x000000079b100000)
 ParOldGen       total 460800K, used 261399K [0x00000006c0000000, 0x00000006dc200000, 0x000000076ab00000)
  object space 460800K, 56% used [0x00000006c0000000,0x00000006cff45f40,0x00000006dc200000)
 Metaspace       used 6622K, capacity 7320K, committed 7680K, reserved 1056768K
  class space    used 616K, capacity 656K, committed 768K, reserved 1048576K
Event: 11.536 GC heap after
Heap after GC invocations=13 (full 2):
 PSYoungGen      total 792576K, used 149885K [0x000000076ab00000, 0x00000007b0600000, 0x00000007c0000000)
  eden space 630272K, 0% used [0x000000076ab00000,0x000000076ab00000,0x0000000791280000)
  from space 162304K, 92% used [0x0000000791280000,0x000000079a4df468,0x000000079b100000)
  to   space 186368K, 0% used [0x00000007a5000000,0x00000007a5000000,0x00000007b0600000)
 ParOldGen       total 460800K, used 284428K [0x00000006c0000000, 0x00000006dc200000, 0x000000076ab00000)
  object space 460800K, 61% used [0x00000006c0000000,0x00000006d15c33a8,0x00000006dc200000)
 Metaspace       used 6622K, capacity 7320K, committed 7680K, reserved 1056768K
  class space    used 616K, capacity 656K, committed 768K, reserved 1048576K
}
Event: 12.902 GC heap before
{Heap before GC invocations=14 (full 2):
 PSYoungGen      total 792576K, used 780157K [0x000000076ab00000, 0x00000007b0600000, 0x00000007c0000000)
  eden space 630272K, 100% used [0x000000076ab00000,0x0000000791280000,0x0000000791280000)
  from space 162304K, 92% used [0x0000000791280000,0x000000079a4df468,0x000000079b100000)
  to   space 186368K, 0% used [0x00000007a5000000,0x00000007a5000000,0x00000007b0600000)
 ParOldGen       total 460800K, used 284428K [0x00000006c0000000, 0x00000006dc200000, 0x000000076ab00000)
  object space 460800K, 61% used [0x00000006c0000000,0x00000006d15c33a8,0x00000006dc200000)
 Metaspace       used 6626K, capacity 7320K, committed 7680K, reserved 1056768K
  class space    used 616K, capacity 656K, committed 768K, reserved 1048576K
Event: 13.168 GC heap after
Heap after GC invocations=14 (full 2):
 PSYoungGen      total 902144K, used 186358K [0x000000076ab00000, 0x00000007b7a00000, 0x00000007c0000000)
  eden space 715776K, 0% used [0x000000076ab00000,0x000000076ab00000,0x0000000796600000)
  from space 186368K, 99% used [0x00000007a5000000,0x00000007b05fda30,0x00000007b0600000)
  to   space 239616K, 0% used [0x0000000796600000,0x0000000796600000,0x00000007a5000000)
 ParOldGen       total 460800K, used 340403K [0x00000006c0000000, 0x00000006dc200000, 0x000000076ab00000)
  object space 460800K, 73% used [0x00000006c0000000,0x00000006d4c6cf78,0x00000006dc200000)
 Metaspace       used 6626K, capacity 7320K, committed 7680K, reserved 1056768K
  class space    used 616K, capacity 656K, committed 768K, reserved 1048576K
}
Event: 14.550 GC heap before
{Heap before GC invocations=15 (full 2):
 PSYoungGen      total 902144K, used 902134K [0x000000076ab00000, 0x00000007b7a00000, 0x00000007c0000000)
  eden space 715776K, 100% used [0x000000076ab00000,0x0000000796600000,0x0000000796600000)
  from space 186368K, 99% used [0x00000007a5000000,0x00000007b05fda30,0x00000007b0600000)
  to   space 239616K, 0% used [0x0000000796600000,0x0000000796600000,0x00000007a5000000)
 ParOldGen       total 460800K, used 340403K [0x00000006c0000000, 0x00000006dc200000, 0x000000076ab00000)
  object space 460800K, 73% used [0x00000006c0000000,0x00000006d4c6cf78,0x00000006dc200000)
 Metaspace       used 6626K, capacity 7320K, committed 7680K, reserved 1056768K
  class space    used 616K, capacity 656K, committed 768K, reserved 1048576K
Event: 14.824 GC heap after
Heap after GC invocations=15 (full 2):
 PSYoungGen      total 955392K, used 239608K [0x000000076ab00000, 0x00000007c0000000, 0x00000007c0000000)
  eden space 715776K, 0% used [0x000000076ab00000,0x000000076ab00000,0x0000000796600000)
  from space 239616K, 99% used [0x0000000796600000,0x00000007a4ffe0c0,0x00000007a5000000)
  to   space 298496K, 0% used [0x00000007adc80000,0x00000007adc80000,0x00000007c0000000)
 ParOldGen       total 460800K, used 385789K [0x00000006c0000000, 0x00000006dc200000, 0x000000076ab00000)
  object space 460800K, 83% used [0x00000006c0000000,0x00000006d78bf758,0x00000006dc200000)
 Metaspace       used 6626K, capacity 7320K, committed 7680K, reserved 1056768K
  class space    used 616K, capacity 656K, committed 768K, reserved 1048576K
}
Event: 14.824 GC heap before
{Heap before GC invocations=16 (full 3):
 PSYoungGen      total 955392K, used 239608K [0x000000076ab00000, 0x00000007c0000000, 0x00000007c0000000)
  eden space 715776K, 0% used [0x000000076ab00000,0x000000076ab00000,0x0000000796600000)
  from space 239616K, 99% used [0x0000000796600000,0x00000007a4ffe0c0,0x00000007a5000000)
  to   space 298496K, 0% used [0x00000007adc80000,0x00000007adc80000,0x00000007c0000000)
 ParOldGen       total 460800K, used 385789K [0x00000006c0000000, 0x00000006dc200000, 0x000000076ab00000)
  object space 460800K, 83% used [0x00000006c0000000,0x00000006d78bf758,0x00000006dc200000)
 Metaspace       used 6626K, capacity 7320K, committed 7680K, reserved 1056768K
  class space    used 616K, capacity 656K, committed 768K, reserved 1048576K

